# JRE version: OpenJDK Runtime Environment Temurin-21.0.9+10 (21.0.9+10) (build 21.0.9+10-LTS)
# Java VM: OpenJDK 64-Bit Server VM Temurin-21.0.9+10 (21.0.9+10-LTS, mixed mode, sharing, tiered, compressed oops, compressed class ptrs, parallel gc, windows-amd64)
GC Precious Log:
 CardTable entry size: 512
 CPUs: 12 total, 12 available
 Memory: 7835M
 Large Page Support: Disabled
 NUMA Support: Disabled
 Compressed Oops: Enabled (32-bit)
 Alignments: Space 512K, Generation 512K, Heap 2M
 Heap Min Capacity: 100M
 Heap Initial Capacity: 100M
 Heap Max Capacity: 2G
 Pre-touch: Disabled
 Parallel Workers: 10
Heap:
 PSYoungGen      total 19456K, used 13032K [0x00000000d5580000, 0x00000000d6b00000, 0x0000000100000000)
  eden space 16896K, 62% used [0x00000000d5580000,0x00000000d5fd95b0,0x00000000d6600000)
  from space 2560K, 95% used [0x00000000d6600000,0x00000000d6861710,0x00000000d6880000)
  to   space 2560K, 0% used [0x00000000d6880000,0x00000000d6880000,0x00000000d6b00000)
 ParOldGen       total 68608K, used 59472K [0x0000000080000000, 0x0000000084300000, 0x00000000d5580000)
  object space 68608K, 86% used [0x0000000080000000,0x0000000083a14148,0x0000000084300000)
 Metaspace       used 74725K, committed 76160K, reserved 1179648K
  class space    used 9240K, committed 9856K, reserved 1048576K
GC Heap History (20 events):
Event: 611.602 GC heap before
{Heap before GC invocations=49 (full 3):
 PSYoungGen      total 19968K, used 18944K [0x00000000d5580000, 0x00000000d6a00000, 0x0000000100000000)
  eden space 18432K, 100% used [0x00000000d5580000,0x00000000d6780000,0x00000000d6780000)
  from space 1536K, 33% used [0x00000000d6780000,0x00000000d6800000,0x00000000d6900000)
  to   space 1024K, 0% used [0x00000000d6900000,0x00000000d6900000,0x00000000d6a00000)
 ParOldGen       total 68608K, used 45028K [0x0000000080000000, 0x0000000084300000, 0x00000000d5580000)
  object space 68608K, 65% used [0x0000000080000000,0x0000000082bf9310,0x0000000084300000)
 Metaspace       used 69691K, committed 71104K, reserved 1114112K
  class space    used 8767K, committed 9408K, reserved 1048576K
}
Event: 611.627 GC heap after
{Heap after GC invocations=49 (full 3):
 PSYoungGen      total 18944K, used 288K [0x00000000d5580000, 0x00000000d6980000, 0x0000000100000000)
  eden space 18432K, 0% used [0x00000000d5580000,0x00000000d5580000,0x00000000d6780000)
  from space 512K, 56% used [0x00000000d6900000,0x00000000d6948000,0x00000000d6980000)
  to   space 512K, 0% used [0x00000000d6880000,0x00000000d6880000,0x00000000d6900000)
 ParOldGen       total 68608K, used 45412K [0x0000000080000000, 0x0000000084300000, 0x00000000d5580000)
  object space 68608K, 66% used [0x0000000080000000,0x0000000082c59310,0x0000000084300000)
 Metaspace       used 69691K, committed 71104K, reserved 1114112K
  class space    used 8767K, committed 9408K, reserved 1048576K
}
Event: 618.015 GC heap before
{Heap before GC invocations=50 (full 3):
 PSYoungGen      total 18944K, used 18676K [0x00000000d5580000, 0x00000000d6980000, 0x0000000100000000)
  eden space 18432K, 99% used [0x00000000d5580000,0x00000000d67753c0,0x00000000d6780000)
  from space 512K, 56% used [0x00000000d6900000,0x00000000d6948000,0x00000000d6980000)
  to   space 512K, 0% used [0x00000000d6880000,0x00000000d6880000,0x00000000d6900000)
 ParOldGen       total 68608K, used 45412K [0x0000000080000000, 0x0000000084300000, 0x00000000d5580000)
  object space 68608K, 66% used [0x0000000080000000,0x0000000082c59310,0x0000000084300000)
 Metaspace       used 70051K, committed 71488K, reserved 1114112K
  class space    used 8790K, committed 9408K, reserved 1048576K
}
Event: 618.023 GC heap after
{Heap after GC invocations=50 (full 3):
 PSYoungGen      total 18944K, used 481K [0x00000000d5580000, 0x00000000d6b80000, 0x0000000100000000)
  eden space 18432K, 0% used [0x00000000d5580000,0x00000000d5580000,0x00000000d6780000)
  from space 512K, 94% used [0x00000000d6880000,0x00000000d68f85f0,0x00000000d6900000)
  to   space 2048K, 0% used [0x00000000d6980000,0x00000000d6980000,0x00000000d6b80000)
 ParOldGen       total 68608K, used 46330K [0x0000000080000000, 0x0000000084300000, 0x00000000d5580000)
  object space 68608K, 67% used [0x0000000080000000,0x0000000082d3eb18,0x0000000084300000)
 Metaspace       used 70051K, committed 71488K, reserved 1114112K
  class space    used 8790K, committed 9408K, reserved 1048576K
}
Event: 618.687 GC heap before
{Heap before GC invocations=51 (full 3):
 PSYoungGen      total 18944K, used 18615K [0x00000000d5580000, 0x00000000d6b80000, 0x0000000100000000)
  eden space 18432K, 98% used [0x00000000d5580000,0x00000000d67357f0,0x00000000d6780000)
  from space 512K, 94% used [0x00000000d6880000,0x00000000d68f85f0,0x00000000d6900000)
  to   space 2048K, 0% used [0x00000000d6980000,0x00000000d6980000,0x00000000d6b80000)
 ParOldGen       total 68608K, used 46330K [0x0000000080000000, 0x0000000084300000, 0x00000000d5580000)
  object space 68608K, 67% used [0x0000000080000000,0x0000000082d3eb18,0x0000000084300000)
 Metaspace       used 72530K, committed 73984K, reserved 1114112K
  class space    used 9034K, committed 9664K, reserved 1048576K
}
Event: 618.690 GC heap after
{Heap after GC invocations=51 (full 3):
 PSYoungGen      total 20480K, used 1819K [0x00000000d5580000, 0x00000000d6b80000, 0x0000000100000000)
  eden space 18432K, 0% used [0x00000000d5580000,0x00000000d5580000,0x00000000d6780000)
  from space 2048K, 88% used [0x00000000d6980000,0x00000000d6b46da8,0x00000000d6b80000)
  to   space 2048K, 0% used [0x00000000d6780000,0x00000000d6780000,0x00000000d6980000)
 ParOldGen       total 68608K, used 46450K [0x0000000080000000, 0x0000000084300000, 0x00000000d5580000)
  object space 68608K, 67% used [0x0000000080000000,0x0000000082d5cb18,0x0000000084300000)
 Metaspace       used 72530K, committed 73984K, reserved 1114112K
  class space    used 9034K, committed 9664K, reserved 1048576K
}
Event: 619.219 GC heap before
{Heap before GC invocations=52 (full 3):
 PSYoungGen      total 20480K, used 20251K [0x00000000d5580000, 0x00000000d6b80000, 0x0000000100000000)
  eden space 18432K, 100% used [0x00000000d5580000,0x00000000d6780000,0x00000000d6780000)
  from space 2048K, 88% used [0x00000000d6980000,0x00000000d6b46da8,0x00000000d6b80000)
  to   space 2048K, 0% used [0x00000000d6780000,0x00000000d6780000,0x00000000d6980000)
 ParOldGen       total 68608K, used 46450K [0x0000000080000000, 0x0000000084300000, 0x00000000d5580000)
  object space 68608K, 67% used [0x0000000080000000,0x0000000082d5cb18,0x0000000084300000)
 Metaspace       used 73253K, committed 74688K, reserved 1179648K
  class space    used 9103K, committed 9728K, reserved 1048576K
}
Event: 619.232 GC heap after
{Heap after GC invocations=52 (full 3):
 PSYoungGen      total 20480K, used 2045K [0x00000000d5580000, 0x00000000d6f80000, 0x0000000100000000)
  eden space 18432K, 0% used [0x00000000d5580000,0x00000000d5580000,0x00000000d6780000)
  from space 2048K, 99% used [0x00000000d6780000,0x00000000d697f530,0x00000000d6980000)
  to   space 4096K, 0% used [0x00000000d6b80000,0x00000000d6b80000,0x00000000d6f80000)
 ParOldGen       total 68608K, used 47867K [0x0000000080000000, 0x0000000084300000, 0x00000000d5580000)
  object space 68608K, 69% used [0x0000000080000000,0x0000000082ebef28,0x0000000084300000)
 Metaspace       used 73253K, committed 74688K, reserved 1179648K
  class space    used 9103K, committed 9728K, reserved 1048576K
}
Event: 619.441 GC heap before
{Heap before GC invocations=53 (full 3):
 PSYoungGen      total 20480K, used 20477K [0x00000000d5580000, 0x00000000d6f80000, 0x0000000100000000)
  eden space 18432K, 100% used [0x00000000d5580000,0x00000000d6780000,0x00000000d6780000)
  from space 2048K, 99% used [0x00000000d6780000,0x00000000d697f530,0x00000000d6980000)
  to   space 4096K, 0% used [0x00000000d6b80000,0x00000000d6b80000,0x00000000d6f80000)
 ParOldGen       total 68608K, used 47867K [0x0000000080000000, 0x0000000084300000, 0x00000000d5580000)
  object space 68608K, 69% used [0x0000000080000000,0x0000000082ebef28,0x0000000084300000)
 Metaspace       used 73591K, committed 75008K, reserved 1179648K
  class space    used 9159K, committed 9792K, reserved 1048576K
}
Event: 619.447 GC heap after
{Heap after GC invocations=53 (full 3):
 PSYoungGen      total 20992K, used 2289K [0x00000000d5580000, 0x00000000d6e00000, 0x0000000100000000)
  eden space 18432K, 0% used [0x00000000d5580000,0x00000000d5580000,0x00000000d6780000)
  from space 2560K, 89% used [0x00000000d6b80000,0x00000000d6dbc420,0x00000000d6e00000)
  to   space 3072K, 0% used [0x00000000d6800000,0x00000000d6800000,0x00000000d6b00000)
 ParOldGen       total 68608K, used 49849K [0x0000000080000000, 0x0000000084300000, 0x00000000d5580000)
  object space 68608K, 72% used [0x0000000080000000,0x00000000830ae458,0x0000000084300000)
 Metaspace       used 73591K, committed 75008K, reserved 1179648K
  class space    used 9159K, committed 9792K, reserved 1048576K
}
Event: 619.553 GC heap before
{Heap before GC invocations=54 (full 3):
 PSYoungGen      total 20992K, used 20721K [0x00000000d5580000, 0x00000000d6e00000, 0x0000000100000000)
  eden space 18432K, 100% used [0x00000000d5580000,0x00000000d6780000,0x00000000d6780000)
  from space 2560K, 89% used [0x00000000d6b80000,0x00000000d6dbc420,0x00000000d6e00000)
  to   space 3072K, 0% used [0x00000000d6800000,0x00000000d6800000,0x00000000d6b00000)
 ParOldGen       total 68608K, used 49849K [0x0000000080000000, 0x0000000084300000, 0x00000000d5580000)
  object space 68608K, 72% used [0x0000000080000000,0x00000000830ae458,0x0000000084300000)
 Metaspace       used 73632K, committed 75136K, reserved 1179648K
  class space    used 9159K, committed 9792K, reserved 1048576K
}
Event: 619.559 GC heap after
{Heap after GC invocations=54 (full 3):
 PSYoungGen      total 20992K, used 2434K [0x00000000d5580000, 0x00000000d6c80000, 0x0000000100000000)
  eden space 18432K, 0% used [0x00000000d5580000,0x00000000d5580000,0x00000000d6780000)
  from space 2560K, 95% used [0x00000000d6800000,0x00000000d6a60810,0x00000000d6a80000)
  to   space 2048K, 0% used [0x00000000d6a80000,0x00000000d6a80000,0x00000000d6c80000)
 ParOldGen       total 68608K, used 51844K [0x0000000080000000, 0x0000000084300000, 0x00000000d5580000)
  object space 68608K, 75% used [0x0000000080000000,0x00000000832a1150,0x0000000084300000)
 Metaspace       used 73632K, committed 75136K, reserved 1179648K
  class space    used 9159K, committed 9792K, reserved 1048576K
}
Event: 619.673 GC heap before
{Heap before GC invocations=55 (full 3):
 PSYoungGen      total 20992K, used 20866K [0x00000000d5580000, 0x00000000d6c80000, 0x0000000100000000)
  eden space 18432K, 100% used [0x00000000d5580000,0x00000000d6780000,0x00000000d6780000)
  from space 2560K, 95% used [0x00000000d6800000,0x00000000d6a60810,0x00000000d6a80000)
  to   space 2048K, 0% used [0x00000000d6a80000,0x00000000d6a80000,0x00000000d6c80000)
 ParOldGen       total 68608K, used 51844K [0x0000000080000000, 0x0000000084300000, 0x00000000d5580000)
  object space 68608K, 75% used [0x0000000080000000,0x00000000832a1150,0x0000000084300000)
 Metaspace       used 73644K, committed 75136K, reserved 1179648K
  class space    used 9159K, committed 9792K, reserved 1048576K
}
Event: 619.677 GC heap after
{Heap after GC invocations=55 (full 3):
 PSYoungGen      total 18944K, used 2020K [0x00000000d5580000, 0x00000000d7080000, 0x0000000100000000)
  eden space 16896K, 0% used [0x00000000d5580000,0x00000000d5580000,0x00000000d6600000)
  from space 2048K, 98% used [0x00000000d6a80000,0x00000000d6c79000,0x00000000d6c80000)
  to   space 4608K, 0% used [0x00000000d6600000,0x00000000d6600000,0x00000000d6a80000)
 ParOldGen       total 68608K, used 54026K [0x0000000080000000, 0x0000000084300000, 0x00000000d5580000)
  object space 68608K, 78% used [0x0000000080000000,0x00000000834c2b10,0x0000000084300000)
 Metaspace       used 73644K, committed 75136K, reserved 1179648K
  class space    used 9159K, committed 9792K, reserved 1048576K
}
Event: 619.763 GC heap before
{Heap before GC invocations=56 (full 3):
 PSYoungGen      total 18944K, used 18916K [0x00000000d5580000, 0x00000000d7080000, 0x0000000100000000)
  eden space 16896K, 100% used [0x00000000d5580000,0x00000000d6600000,0x00000000d6600000)
  from space 2048K, 98% used [0x00000000d6a80000,0x00000000d6c79000,0x00000000d6c80000)
  to   space 4608K, 0% used [0x00000000d6600000,0x00000000d6600000,0x00000000d6a80000)
 ParOldGen       total 68608K, used 54026K [0x0000000080000000, 0x0000000084300000, 0x00000000d5580000)
  object space 68608K, 78% used [0x0000000080000000,0x00000000834c2b10,0x0000000084300000)
 Metaspace       used 73650K, committed 75136K, reserved 1179648K
  class space    used 9159K, committed 9792K, reserved 1048576K
}
Event: 619.769 GC heap after
{Heap after GC invocations=56 (full 3):
 PSYoungGen      total 18944K, used 1824K [0x00000000d5580000, 0x00000000d6c00000, 0x0000000100000000)
  eden space 16896K, 0% used [0x00000000d5580000,0x00000000d5580000,0x00000000d6600000)
  from space 2048K, 89% used [0x00000000d6600000,0x00000000d67c8000,0x00000000d6800000)
  to   space 3072K, 0% used [0x00000000d6900000,0x00000000d6900000,0x00000000d6c00000)
 ParOldGen       total 68608K, used 55944K [0x0000000080000000, 0x0000000084300000, 0x00000000d5580000)
  object space 68608K, 81% used [0x0000000080000000,0x00000000836a2138,0x0000000084300000)
 Metaspace       used 73650K, committed 75136K, reserved 1179648K
  class space    used 9159K, committed 9792K, reserved 1048576K
}
Event: 619.921 GC heap before
{Heap before GC invocations=57 (full 3):
 PSYoungGen      total 18944K, used 18720K [0x00000000d5580000, 0x00000000d6c00000, 0x0000000100000000)
  eden space 16896K, 100% used [0x00000000d5580000,0x00000000d6600000,0x00000000d6600000)
  from space 2048K, 89% used [0x00000000d6600000,0x00000000d67c8000,0x00000000d6800000)
  to   space 3072K, 0% used [0x00000000d6900000,0x00000000d6900000,0x00000000d6c00000)
 ParOldGen       total 68608K, used 55944K [0x0000000080000000, 0x0000000084300000, 0x00000000d5580000)
  object space 68608K, 81% used [0x0000000080000000,0x00000000836a2138,0x0000000084300000)
 Metaspace       used 73672K, committed 75136K, reserved 1179648K
  class space    used 9159K, committed 9792K, reserved 1048576K
}
Event: 619.926 GC heap after
{Heap after GC invocations=57 (full 3):
 PSYoungGen      total 18944K, used 1952K [0x00000000d5580000, 0x00000000d6b00000, 0x0000000100000000)
  eden space 16896K, 0% used [0x00000000d5580000,0x00000000d5580000,0x00000000d6600000)
  from space 2048K, 95% used [0x00000000d6900000,0x00000000d6ae8010,0x00000000d6b00000)
  to   space 2560K, 0% used [0x00000000d6600000,0x00000000d6600000,0x00000000d6880000)
 ParOldGen       total 68608K, used 57632K [0x0000000080000000, 0x0000000084300000, 0x00000000d5580000)
  object space 68608K, 84% used [0x0000000080000000,0x0000000083848138,0x0000000084300000)
 Metaspace       used 73672K, committed 75136K, reserved 1179648K
  class space    used 9159K, committed 9792K, reserved 1048576K
}
Event: 620.056 GC heap before
{Heap before GC invocations=58 (full 3):
 PSYoungGen      total 18944K, used 18848K [0x00000000d5580000, 0x00000000d6b00000, 0x0000000100000000)
  eden space 16896K, 100% used [0x00000000d5580000,0x00000000d6600000,0x00000000d6600000)
  from space 2048K, 95% used [0x00000000d6900000,0x00000000d6ae8010,0x00000000d6b00000)
  to   space 2560K, 0% used [0x00000000d6600000,0x00000000d6600000,0x00000000d6880000)
 ParOldGen       total 68608K, used 57632K [0x0000000080000000, 0x0000000084300000, 0x00000000d5580000)
  object space 68608K, 84% used [0x0000000080000000,0x0000000083848138,0x0000000084300000)
 Metaspace       used 73750K, committed 75200K, reserved 1179648K
  class space    used 9166K, committed 9792K, reserved 1048576K
}
Event: 620.061 GC heap after
{Heap after GC invocations=58 (full 3):
 PSYoungGen      total 19456K, used 2437K [0x00000000d5580000, 0x00000000d6b00000, 0x0000000100000000)
  eden space 16896K, 0% used [0x00000000d5580000,0x00000000d5580000,0x00000000d6600000)
  from space 2560K, 95% used [0x00000000d6600000,0x00000000d6861710,0x00000000d6880000)
  to   space 2560K, 0% used [0x00000000d6880000,0x00000000d6880000,0x00000000d6b00000)
 ParOldGen       total 68608K, used 59472K [0x0000000080000000, 0x0000000084300000, 0x00000000d5580000)
  object space 68608K, 86% used [0x0000000080000000,0x0000000083a14148,0x0000000084300000)
 Metaspace       used 73750K, committed 75200K, reserved 1179648K
  class space    used 9166K, committed 9792K, reserved 1048576K
}

